{"C:\\Users\\dbell\\Documents\\Blog-App-using-MERN-stack\\Blog-App-using-MERN-stack\\server\\config\\db.js": {"path":"C:\\Users\\dbell\\Documents\\Blog-App-using-MERN-stack\\Blog-App-using-MERN-stack\\server\\config\\db.js","statementMap":{"0":{"start":{"line":1,"column":17},"end":{"line":1,"column":36}},"1":{"start":{"line":3,"column":0},"end":{"line":3,"column":35}},"2":{"start":{"line":6,"column":0},"end":{"line":10,"column":2}},"3":{"start":{"line":7,"column":4},"end":{"line":7,"column":30}},"4":{"start":{"line":9,"column":4},"end":{"line":9,"column":21}}},"fnMap":{"0":{"name":"(anonymous_0)","decl":{"start":{"line":6,"column":59},"end":{"line":6,"column":60}},"loc":{"start":{"line":6,"column":63},"end":{"line":8,"column":1}},"line":6},"1":{"name":"(anonymous_1)","decl":{"start":{"line":8,"column":9},"end":{"line":8,"column":10}},"loc":{"start":{"line":8,"column":16},"end":{"line":10,"column":1}},"line":8}},"branchMap":{},"s":{"0":1,"1":1,"2":1,"3":0,"4":0},"f":{"0":0,"1":0},"b":{},"_coverageSchema":"1a1c01bbd47fc00a2c39e90264f33305004495a9","hash":"e07e8da6fcbb6f24596320942c21932f92f851a9"}
,"C:\\Users\\dbell\\Documents\\Blog-App-using-MERN-stack\\Blog-App-using-MERN-stack\\server\\controller\\blog-controller.js": {"path":"C:\\Users\\dbell\\Documents\\Blog-App-using-MERN-stack\\Blog-App-using-MERN-stack\\server\\controller\\blog-controller.js","statementMap":{"0":{"start":{"line":1,"column":17},"end":{"line":1,"column":36}},"1":{"start":{"line":2,"column":30},"end":{"line":2,"column":54}},"2":{"start":{"line":3,"column":13},"end":{"line":3,"column":37}},"3":{"start":{"line":4,"column":13},"end":{"line":4,"column":37}},"4":{"start":{"line":6,"column":20},"end":{"line":19,"column":1}},"5":{"start":{"line":8,"column":4},"end":{"line":12,"column":5}},"6":{"start":{"line":9,"column":8},"end":{"line":9,"column":34}},"7":{"start":{"line":11,"column":8},"end":{"line":11,"column":23}},"8":{"start":{"line":14,"column":4},"end":{"line":16,"column":5}},"9":{"start":{"line":15,"column":8},"end":{"line":15,"column":67}},"10":{"start":{"line":18,"column":4},"end":{"line":18,"column":41}},"11":{"start":{"line":21,"column":16},"end":{"line":60,"column":1}},"12":{"start":{"line":23,"column":42},"end":{"line":23,"column":50}},"13":{"start":{"line":25,"column":24},"end":{"line":25,"column":34}},"14":{"start":{"line":28,"column":4},"end":{"line":32,"column":5}},"15":{"start":{"line":29,"column":8},"end":{"line":29,"column":49}},"16":{"start":{"line":31,"column":8},"end":{"line":31,"column":30}},"17":{"start":{"line":33,"column":8},"end":{"line":35,"column":5}},"18":{"start":{"line":34,"column":8},"end":{"line":34,"column":63}},"19":{"start":{"line":38,"column":17},"end":{"line":40,"column":6}},"20":{"start":{"line":42,"column":4},"end":{"line":46,"column":5}},"21":{"start":{"line":43,"column":6},"end":{"line":43,"column":25}},"22":{"start":{"line":45,"column":7},"end":{"line":45,"column":29}},"23":{"start":{"line":48,"column":4},"end":{"line":58,"column":7}},"24":{"start":{"line":49,"column":24},"end":{"line":49,"column":53}},"25":{"start":{"line":50,"column":8},"end":{"line":50,"column":35}},"26":{"start":{"line":51,"column":8},"end":{"line":51,"column":33}},"27":{"start":{"line":52,"column":8},"end":{"line":52,"column":38}},"28":{"start":{"line":53,"column":8},"end":{"line":53,"column":41}},"29":{"start":{"line":54,"column":8},"end":{"line":54,"column":36}},"30":{"start":{"line":56,"column":8},"end":{"line":56,"column":25}},"31":{"start":{"line":57,"column":8},"end":{"line":57,"column":54}},"32":{"start":{"line":59,"column":4},"end":{"line":59,"column":40}},"33":{"start":{"line":62,"column":19},"end":{"line":82,"column":1}},"34":{"start":{"line":63,"column":19},"end":{"line":63,"column":32}},"35":{"start":{"line":64,"column":30},"end":{"line":64,"column":38}},"36":{"start":{"line":68,"column":4},"end":{"line":75,"column":5}},"37":{"start":{"line":69,"column":9},"end":{"line":72,"column":11}},"38":{"start":{"line":74,"column":8},"end":{"line":74,"column":30}},"39":{"start":{"line":77,"column":4},"end":{"line":79,"column":5}},"40":{"start":{"line":78,"column":8},"end":{"line":78,"column":67}},"41":{"start":{"line":81,"column":4},"end":{"line":81,"column":40}},"42":{"start":{"line":84,"column":16},"end":{"line":100,"column":1}},"43":{"start":{"line":85,"column":15},"end":{"line":85,"column":28}},"44":{"start":{"line":88,"column":4},"end":{"line":93,"column":5}},"45":{"start":{"line":89,"column":8},"end":{"line":89,"column":39}},"46":{"start":{"line":92,"column":8},"end":{"line":92,"column":30}},"47":{"start":{"line":95,"column":4},"end":{"line":97,"column":5}},"48":{"start":{"line":96,"column":8},"end":{"line":96,"column":62}},"49":{"start":{"line":99,"column":4},"end":{"line":99,"column":40}},"50":{"start":{"line":102,"column":19},"end":{"line":125,"column":1}},"51":{"start":{"line":104,"column":15},"end":{"line":104,"column":28}},"52":{"start":{"line":106,"column":4},"end":{"line":124,"column":5}},"53":{"start":{"line":107,"column":21},"end":{"line":107,"column":70}},"54":{"start":{"line":109,"column":8},"end":{"line":111,"column":9}},"55":{"start":{"line":110,"column":12},"end":{"line":110,"column":71}},"56":{"start":{"line":114,"column":21},"end":{"line":114,"column":30}},"57":{"start":{"line":115,"column":8},"end":{"line":115,"column":30}},"58":{"start":{"line":116,"column":8},"end":{"line":116,"column":26}},"59":{"start":{"line":118,"column":8},"end":{"line":118,"column":73}},"60":{"start":{"line":121,"column":8},"end":{"line":121,"column":25}},"61":{"start":{"line":122,"column":8},"end":{"line":122,"column":69}},"62":{"start":{"line":128,"column":20},"end":{"line":140,"column":3}},"63":{"start":{"line":129,"column":19},"end":{"line":129,"column":32}},"64":{"start":{"line":131,"column":4},"end":{"line":135,"column":5}},"65":{"start":{"line":132,"column":6},"end":{"line":132,"column":64}},"66":{"start":{"line":134,"column":6},"end":{"line":134,"column":30}},"67":{"start":{"line":136,"column":4},"end":{"line":138,"column":5}},"68":{"start":{"line":137,"column":6},"end":{"line":137,"column":64}},"69":{"start":{"line":139,"column":4},"end":{"line":139,"column":53}},"70":{"start":{"line":142,"column":0},"end":{"line":142,"column":91}}},"fnMap":{"0":{"name":"(anonymous_0)","decl":{"start":{"line":6,"column":20},"end":{"line":6,"column":21}},"loc":{"start":{"line":6,"column":42},"end":{"line":19,"column":1}},"line":6},"1":{"name":"(anonymous_1)","decl":{"start":{"line":21,"column":16},"end":{"line":21,"column":17}},"loc":{"start":{"line":21,"column":38},"end":{"line":60,"column":1}},"line":21},"2":{"name":"(anonymous_2)","decl":{"start":{"line":62,"column":19},"end":{"line":62,"column":20}},"loc":{"start":{"line":62,"column":42},"end":{"line":82,"column":1}},"line":62},"3":{"name":"(anonymous_3)","decl":{"start":{"line":84,"column":16},"end":{"line":84,"column":17}},"loc":{"start":{"line":84,"column":39},"end":{"line":100,"column":1}},"line":84},"4":{"name":"(anonymous_4)","decl":{"start":{"line":102,"column":19},"end":{"line":102,"column":20}},"loc":{"start":{"line":102,"column":45},"end":{"line":125,"column":1}},"line":102},"5":{"name":"(anonymous_5)","decl":{"start":{"line":128,"column":20},"end":{"line":128,"column":21}},"loc":{"start":{"line":128,"column":46},"end":{"line":140,"column":3}},"line":128}},"branchMap":{"0":{"loc":{"start":{"line":14,"column":4},"end":{"line":16,"column":5}},"type":"if","locations":[{"start":{"line":14,"column":4},"end":{"line":16,"column":5}},{"start":{},"end":{}}],"line":14},"1":{"loc":{"start":{"line":33,"column":8},"end":{"line":35,"column":5}},"type":"if","locations":[{"start":{"line":33,"column":8},"end":{"line":35,"column":5}},{"start":{},"end":{}}],"line":33},"2":{"loc":{"start":{"line":77,"column":4},"end":{"line":79,"column":5}},"type":"if","locations":[{"start":{"line":77,"column":4},"end":{"line":79,"column":5}},{"start":{},"end":{}}],"line":77},"3":{"loc":{"start":{"line":95,"column":4},"end":{"line":97,"column":5}},"type":"if","locations":[{"start":{"line":95,"column":4},"end":{"line":97,"column":5}},{"start":{},"end":{}}],"line":95},"4":{"loc":{"start":{"line":109,"column":8},"end":{"line":111,"column":9}},"type":"if","locations":[{"start":{"line":109,"column":8},"end":{"line":111,"column":9}},{"start":{},"end":{}}],"line":109},"5":{"loc":{"start":{"line":136,"column":4},"end":{"line":138,"column":5}},"type":"if","locations":[{"start":{"line":136,"column":4},"end":{"line":138,"column":5}},{"start":{},"end":{}}],"line":136}},"s":{"0":1,"1":1,"2":1,"3":1,"4":1,"5":0,"6":0,"7":0,"8":0,"9":0,"10":0,"11":1,"12":0,"13":0,"14":0,"15":0,"16":0,"17":0,"18":0,"19":0,"20":0,"21":0,"22":0,"23":0,"24":0,"25":0,"26":0,"27":0,"28":0,"29":0,"30":0,"31":0,"32":0,"33":1,"34":0,"35":0,"36":0,"37":0,"38":0,"39":0,"40":0,"41":0,"42":1,"43":0,"44":0,"45":0,"46":0,"47":0,"48":0,"49":0,"50":1,"51":0,"52":0,"53":0,"54":0,"55":0,"56":0,"57":0,"58":0,"59":0,"60":0,"61":0,"62":1,"63":0,"64":0,"65":0,"66":0,"67":0,"68":0,"69":0,"70":1},"f":{"0":0,"1":0,"2":0,"3":0,"4":0,"5":0},"b":{"0":[0,0],"1":[0,0],"2":[0,0],"3":[0,0],"4":[0,0],"5":[0,0]},"_coverageSchema":"1a1c01bbd47fc00a2c39e90264f33305004495a9","hash":"9d071ccbd65d487d54c9a7d65cf411ae50096b53"}
,"C:\\Users\\dbell\\Documents\\Blog-App-using-MERN-stack\\Blog-App-using-MERN-stack\\server\\controller\\user-contoller.js": {"path":"C:\\Users\\dbell\\Documents\\Blog-App-using-MERN-stack\\Blog-App-using-MERN-stack\\server\\controller\\user-contoller.js","statementMap":{"0":{"start":{"line":1,"column":13},"end":{"line":1,"column":37}},"1":{"start":{"line":2,"column":15},"end":{"line":2,"column":34}},"2":{"start":{"line":4,"column":12},"end":{"line":7,"column":1}},"3":{"start":{"line":9,"column":19},"end":{"line":23,"column":1}},"4":{"start":{"line":12,"column":4},"end":{"line":17,"column":5}},"5":{"start":{"line":13,"column":8},"end":{"line":13,"column":14}},"6":{"start":{"line":16,"column":8},"end":{"line":16,"column":25}},"7":{"start":{"line":18,"column":4},"end":{"line":20,"column":5}},"8":{"start":{"line":19,"column":8},"end":{"line":19,"column":71}},"9":{"start":{"line":22,"column":4},"end":{"line":22,"column":41}},"10":{"start":{"line":25,"column":15},"end":{"line":51,"column":1}},"11":{"start":{"line":26,"column":39},"end":{"line":26,"column":47}},"12":{"start":{"line":30,"column":3},"end":{"line":34,"column":4}},"13":{"start":{"line":31,"column":4},"end":{"line":31,"column":46}},"14":{"start":{"line":33,"column":4},"end":{"line":33,"column":21}},"15":{"start":{"line":36,"column":3},"end":{"line":38,"column":4}},"16":{"start":{"line":37,"column":7},"end":{"line":37,"column":73}},"17":{"start":{"line":39,"column":26},"end":{"line":39,"column":51}},"18":{"start":{"line":40,"column":16},"end":{"line":44,"column":5}},"19":{"start":{"line":46,"column":3},"end":{"line":50,"column":28}},"20":{"start":{"line":47,"column":7},"end":{"line":47,"column":19}},"21":{"start":{"line":48,"column":7},"end":{"line":48,"column":44}},"22":{"start":{"line":50,"column":12},"end":{"line":50,"column":27}},"23":{"start":{"line":53,"column":14},"end":{"line":74,"column":1}},"24":{"start":{"line":54,"column":31},"end":{"line":54,"column":39}},"25":{"start":{"line":58,"column":4},"end":{"line":62,"column":5}},"26":{"start":{"line":59,"column":5},"end":{"line":59,"column":47}},"27":{"start":{"line":61,"column":5},"end":{"line":61,"column":22}},"28":{"start":{"line":63,"column":4},"end":{"line":65,"column":5}},"29":{"start":{"line":64,"column":8},"end":{"line":64,"column":68}},"30":{"start":{"line":67,"column":30},"end":{"line":67,"column":80}},"31":{"start":{"line":69,"column":4},"end":{"line":71,"column":5}},"32":{"start":{"line":70,"column":8},"end":{"line":70,"column":70}},"33":{"start":{"line":73,"column":4},"end":{"line":73,"column":54}},"34":{"start":{"line":76,"column":0},"end":{"line":76,"column":47}}},"fnMap":{"0":{"name":"(anonymous_0)","decl":{"start":{"line":9,"column":19},"end":{"line":9,"column":20}},"loc":{"start":{"line":9,"column":41},"end":{"line":23,"column":1}},"line":9},"1":{"name":"(anonymous_1)","decl":{"start":{"line":25,"column":15},"end":{"line":25,"column":16}},"loc":{"start":{"line":25,"column":37},"end":{"line":51,"column":1}},"line":25},"2":{"name":"(anonymous_2)","decl":{"start":{"line":53,"column":14},"end":{"line":53,"column":15}},"loc":{"start":{"line":53,"column":37},"end":{"line":74,"column":1}},"line":53}},"branchMap":{"0":{"loc":{"start":{"line":18,"column":4},"end":{"line":20,"column":5}},"type":"if","locations":[{"start":{"line":18,"column":4},"end":{"line":20,"column":5}},{"start":{},"end":{}}],"line":18},"1":{"loc":{"start":{"line":36,"column":3},"end":{"line":38,"column":4}},"type":"if","locations":[{"start":{"line":36,"column":3},"end":{"line":38,"column":4}},{"start":{},"end":{}}],"line":36},"2":{"loc":{"start":{"line":63,"column":4},"end":{"line":65,"column":5}},"type":"if","locations":[{"start":{"line":63,"column":4},"end":{"line":65,"column":5}},{"start":{},"end":{}}],"line":63},"3":{"loc":{"start":{"line":69,"column":4},"end":{"line":71,"column":5}},"type":"if","locations":[{"start":{"line":69,"column":4},"end":{"line":71,"column":5}},{"start":{},"end":{}}],"line":69}},"s":{"0":1,"1":1,"2":1,"3":1,"4":0,"5":0,"6":0,"7":0,"8":0,"9":0,"10":1,"11":0,"12":0,"13":0,"14":0,"15":0,"16":0,"17":0,"18":0,"19":0,"20":0,"21":0,"22":0,"23":1,"24":0,"25":0,"26":0,"27":0,"28":0,"29":0,"30":0,"31":0,"32":0,"33":0,"34":1},"f":{"0":0,"1":0,"2":0},"b":{"0":[0,0],"1":[0,0],"2":[0,0],"3":[0,0]},"_coverageSchema":"1a1c01bbd47fc00a2c39e90264f33305004495a9","hash":"644168637f71da16ad3b041a8aed3e99dc170ca7"}
,"C:\\Users\\dbell\\Documents\\Blog-App-using-MERN-stack\\Blog-App-using-MERN-stack\\server\\model\\Blog.js": {"path":"C:\\Users\\dbell\\Documents\\Blog-App-using-MERN-stack\\Blog-App-using-MERN-stack\\server\\model\\Blog.js","statementMap":{"0":{"start":{"line":1,"column":17},"end":{"line":1,"column":36}},"1":{"start":{"line":3,"column":15},"end":{"line":3,"column":30}},"2":{"start":{"line":5,"column":19},"end":{"line":27,"column":2}},"3":{"start":{"line":29,"column":0},"end":{"line":29,"column":53}}},"fnMap":{},"branchMap":{},"s":{"0":1,"1":1,"2":1,"3":1},"f":{},"b":{},"_coverageSchema":"1a1c01bbd47fc00a2c39e90264f33305004495a9","hash":"f839bb230f29d23ff35a4458c6d15fe9c7ddba16"}
,"C:\\Users\\dbell\\Documents\\Blog-App-using-MERN-stack\\Blog-App-using-MERN-stack\\server\\model\\User.js": {"path":"C:\\Users\\dbell\\Documents\\Blog-App-using-MERN-stack\\Blog-App-using-MERN-stack\\server\\model\\User.js","statementMap":{"0":{"start":{"line":1,"column":17},"end":{"line":1,"column":36}},"1":{"start":{"line":3,"column":15},"end":{"line":3,"column":30}},"2":{"start":{"line":5,"column":19},"end":{"line":24,"column":2}},"3":{"start":{"line":26,"column":0},"end":{"line":26,"column":53}}},"fnMap":{},"branchMap":{},"s":{"0":2,"1":2,"2":2,"3":2},"f":{},"b":{},"_coverageSchema":"1a1c01bbd47fc00a2c39e90264f33305004495a9","hash":"598c20cabb2b30a71c99f8dae15eed26e26b8850"}
,"C:\\Users\\dbell\\Documents\\Blog-App-using-MERN-stack\\Blog-App-using-MERN-stack\\server\\routes\\blog-routes.js": {"path":"C:\\Users\\dbell\\Documents\\Blog-App-using-MERN-stack\\Blog-App-using-MERN-stack\\server\\routes\\blog-routes.js","statementMap":{"0":{"start":{"line":1,"column":16},"end":{"line":1,"column":34}},"1":{"start":{"line":2,"column":19},"end":{"line":2,"column":35}},"2":{"start":{"line":5,"column":32},"end":{"line":5,"column":72}},"3":{"start":{"line":7,"column":0},"end":{"line":7,"column":32}},"4":{"start":{"line":8,"column":0},"end":{"line":8,"column":33}},"5":{"start":{"line":9,"column":0},"end":{"line":9,"column":43}},"6":{"start":{"line":10,"column":0},"end":{"line":10,"column":32}},"7":{"start":{"line":11,"column":0},"end":{"line":11,"column":37}},"8":{"start":{"line":12,"column":0},"end":{"line":12,"column":39}},"9":{"start":{"line":13,"column":0},"end":{"line":13,"column":28}}},"fnMap":{},"branchMap":{},"s":{"0":1,"1":1,"2":1,"3":1,"4":1,"5":1,"6":1,"7":1,"8":1,"9":1},"f":{},"b":{},"_coverageSchema":"1a1c01bbd47fc00a2c39e90264f33305004495a9","hash":"30c85ac4d3f02dc9fc8a31440f461a8cbe8cac16"}
,"C:\\Users\\dbell\\Documents\\Blog-App-using-MERN-stack\\Blog-App-using-MERN-stack\\server\\routes\\user-routes.js": {"path":"C:\\Users\\dbell\\Documents\\Blog-App-using-MERN-stack\\Blog-App-using-MERN-stack\\server\\routes\\user-routes.js","statementMap":{"0":{"start":{"line":1,"column":16},"end":{"line":1,"column":34}},"1":{"start":{"line":2,"column":40},"end":{"line":2,"column":79}},"2":{"start":{"line":3,"column":19},"end":{"line":3,"column":35}},"3":{"start":{"line":6,"column":0},"end":{"line":6,"column":31}},"4":{"start":{"line":7,"column":0},"end":{"line":7,"column":35}},"5":{"start":{"line":8,"column":0},"end":{"line":8,"column":34}},"6":{"start":{"line":10,"column":0},"end":{"line":10,"column":29}}},"fnMap":{},"branchMap":{},"s":{"0":1,"1":1,"2":1,"3":1,"4":1,"5":1,"6":1},"f":{},"b":{},"_coverageSchema":"1a1c01bbd47fc00a2c39e90264f33305004495a9","hash":"700e843033778186034dc8e13ace328289005bfc"}
}
